{
  "RSpec": {
    "coverage": {
      "/home/masterful-hardware-2522/tic-tac-toe-rb-nyc-fastttrack-011120/lib/tic_tac_toe.rb": [
        null,
        1,
        null,
        null,
        null,
        null,
        null,
        null,
        null,
        null,
        null,
        1,
        17,
        17,
        17,
        17,
        17,
        null,
        null,
        1,
        17,
        null,
        null,
        1,
        17,
        null,
        null,
        1,
        17,
        17,
        null,
        0,
        null,
        null,
        null,
        1,
        17,
        17,
        17,
        null,
        null,
        null,
        null,
        1,
        17,
        17,
        17,
        17,
        17,
        17,
        null,
        0,
        null,
        null,
        null,
        1,
        17,
        17,
        153,
        26,
        null,
        null,
        17,
        null,
        null,
        1,
        17,
        17,
        11,
        null,
        6,
        null,
        null,
        null,
        1,
        50,
        324,
        324,
        324,
        null,
        324,
        324,
        324,
        null,
        324,
        12,
        null,
        null,
        312,
        4,
        null,
        null,
        null,
        34,
        null,
        null,
        1,
        26,
        108,
        null,
        26,
        null,
        null,
        1,
        16,
        0,
        16,
        4,
        null,
        12,
        null,
        null,
        null,
        1,
        18,
        8,
        null,
        10,
        null,
        null,
        null,
        1,
        4,
        null,
        4,
        0,
        null,
        null,
        4,
        null,
        null,
        null,
        null,
        1,
        12,
        null,
        12,
        17,
        null,
        null,
        12,
        5,
        7,
        3,
        null,
        null,
        null,
        null
      ]
    },
    "timestamp": 1578779541
  }
}
